# JRE version: Java(TM) SE Runtime Environment (8.0_91-b15) (build 1.8.0_91-b15)
# Java VM: Java HotSpot(TM) 64-Bit Server VM (25.91-b15 mixed mode windows-amd64 compressed oops)
Heap:
 PSYoungGen      total 500736K, used 132730K [0x000000076b500000, 0x000000078be00000, 0x00000007c0000000)
  eden space 476672K, 24% used [0x000000076b500000,0x0000000772783d30,0x0000000788680000)
  from space 24064K, 64% used [0x0000000789e80000,0x000000078ad9ac80,0x000000078b600000)
  to   space 24576K, 0% used [0x0000000788680000,0x0000000788680000,0x0000000789e80000)
 ParOldGen       total 136192K, used 32465K [0x00000006c1e00000, 0x00000006ca300000, 0x000000076b500000)
  object space 136192K, 23% used [0x00000006c1e00000,0x00000006c3db47e8,0x00000006ca300000)
 Metaspace       used 55319K, capacity 58293K, committed 58368K, reserved 1099776K
  class space    used 7562K, capacity 8125K, committed 8192K, reserved 1048576K
GC Heap History (10 events):
Event: 3.910 GC heap before
{Heap before GC invocations=8 (full 1):
 PSYoungGen      total 237568K, used 192940K [0x000000076b500000, 0x000000077ae00000, 0x00000007c0000000)
  eden space 226304K, 80% used [0x000000076b500000,0x000000077666d9e8,0x0000000779200000)
  from space 11264K, 99% used [0x000000077a180000,0x000000077ac7d708,0x000000077ac80000)
  to   space 14336K, 0% used [0x0000000779200000,0x0000000779200000,0x000000077a000000)
 ParOldGen       total 84480K, used 8176K [0x00000006c1e00000, 0x00000006c7080000, 0x000000076b500000)
  object space 84480K, 9% used [0x00000006c1e00000,0x00000006c25fc0e8,0x00000006c7080000)
 Metaspace       used 33879K, capacity 35457K, committed 35496K, reserved 1079296K
  class space    used 4541K, capacity 4864K, committed 4864K, reserved 1048576K
Event: 3.923 GC heap after
Heap after GC invocations=8 (full 1):
 PSYoungGen      total 240640K, used 14332K [0x000000076b500000, 0x0000000785180000, 0x00000007c0000000)
  eden space 226304K, 0% used [0x000000076b500000,0x000000076b500000,0x0000000779200000)
  from space 14336K, 99% used [0x0000000779200000,0x0000000779fff0f0,0x000000077a000000)
  to   space 19456K, 0% used [0x0000000783e80000,0x0000000783e80000,0x0000000785180000)
 ParOldGen       total 84480K, used 13794K [0x00000006c1e00000, 0x00000006c7080000, 0x000000076b500000)
  object space 84480K, 16% used [0x00000006c1e00000,0x00000006c2b78900,0x00000006c7080000)
 Metaspace       used 33879K, capacity 35457K, committed 35496K, reserved 1079296K
  class space    used 4541K, capacity 4864K, committed 4864K, reserved 1048576K
}
Event: 3.923 GC heap before
{Heap before GC invocations=9 (full 2):
 PSYoungGen      total 240640K, used 14332K [0x000000076b500000, 0x0000000785180000, 0x00000007c0000000)
  eden space 226304K, 0% used [0x000000076b500000,0x000000076b500000,0x0000000779200000)
  from space 14336K, 99% used [0x0000000779200000,0x0000000779fff0f0,0x000000077a000000)
  to   space 19456K, 0% used [0x0000000783e80000,0x0000000783e80000,0x0000000785180000)
 ParOldGen       total 84480K, used 13794K [0x00000006c1e00000, 0x00000006c7080000, 0x000000076b500000)
  object space 84480K, 16% used [0x00000006c1e00000,0x00000006c2b78900,0x00000006c7080000)
 Metaspace       used 33879K, capacity 35457K, committed 35496K, reserved 1079296K
  class space    used 4541K, capacity 4864K, committed 4864K, reserved 1048576K
Event: 3.968 GC heap after
Heap after GC invocations=9 (full 2):
 PSYoungGen      total 240640K, used 0K [0x000000076b500000, 0x0000000785180000, 0x00000007c0000000)
  eden space 226304K, 0% used [0x000000076b500000,0x000000076b500000,0x0000000779200000)
  from space 14336K, 0% used [0x0000000779200000,0x0000000779200000,0x000000077a000000)
  to   space 19456K, 0% used [0x0000000783e80000,0x0000000783e80000,0x0000000785180000)
 ParOldGen       total 136192K, used 24568K [0x00000006c1e00000, 0x00000006ca300000, 0x000000076b500000)
  object space 136192K, 18% used [0x00000006c1e00000,0x00000006c35fe3b0,0x00000006ca300000)
 Metaspace       used 33879K, capacity 35457K, committed 35496K, reserved 1079296K
  class space    used 4541K, capacity 4864K, committed 4864K, reserved 1048576K
}
Event: 5.474 GC heap before
{Heap before GC invocations=10 (full 2):
 PSYoungGen      total 240640K, used 226304K [0x000000076b500000, 0x0000000785180000, 0x00000007c0000000)
  eden space 226304K, 100% used [0x000000076b500000,0x0000000779200000,0x0000000779200000)
  from space 14336K, 0% used [0x0000000779200000,0x0000000779200000,0x000000077a000000)
  to   space 19456K, 0% used [0x0000000783e80000,0x0000000783e80000,0x0000000785180000)
 ParOldGen       total 136192K, used 24568K [0x00000006c1e00000, 0x00000006ca300000, 0x000000076b500000)
  object space 136192K, 18% used [0x00000006c1e00000,0x00000006c35fe3b0,0x00000006ca300000)
 Metaspace       used 45241K, capacity 47091K, committed 47488K, reserved 1089536K
  class space    used 6098K, capacity 6474K, committed 6528K, reserved 1048576K
Event: 5.487 GC heap after
Heap after GC invocations=10 (full 2):
 PSYoungGen      total 375296K, used 15267K [0x000000076b500000, 0x0000000784d80000, 0x00000007c0000000)
  eden space 359936K, 0% used [0x000000076b500000,0x000000076b500000,0x0000000781480000)
  from space 15360K, 99% used [0x0000000783e80000,0x0000000784d68e18,0x0000000784d80000)
  to   space 20480K, 0% used [0x0000000782580000,0x0000000782580000,0x0000000783980000)
 ParOldGen       total 136192K, used 24584K [0x00000006c1e00000, 0x00000006ca300000, 0x000000076b500000)
  object space 136192K, 18% used [0x00000006c1e00000,0x00000006c36023c0,0x00000006ca300000)
 Metaspace       used 45241K, capacity 47091K, committed 47488K, reserved 1089536K
  class space    used 6098K, capacity 6474K, committed 6528K, reserved 1048576K
}
Event: 7.659 GC heap before
{Heap before GC invocations=11 (full 2):
 PSYoungGen      total 375296K, used 375203K [0x000000076b500000, 0x0000000784d80000, 0x00000007c0000000)
  eden space 359936K, 100% used [0x000000076b500000,0x0000000781480000,0x0000000781480000)
  from space 15360K, 99% used [0x0000000783e80000,0x0000000784d68e18,0x0000000784d80000)
  to   space 20480K, 0% used [0x0000000782580000,0x0000000782580000,0x0000000783980000)
 ParOldGen       total 136192K, used 24584K [0x00000006c1e00000, 0x00000006ca300000, 0x000000076b500000)
  object space 136192K, 18% used [0x00000006c1e00000,0x00000006c36023c0,0x00000006ca300000)
 Metaspace       used 51271K, capacity 53975K, committed 54144K, reserved 1095680K
  class space    used 7024K, capacity 7544K, committed 7552K, reserved 1048576K
Event: 7.676 GC heap after
Heap after GC invocations=11 (full 2):
 PSYoungGen      total 397824K, used 20459K [0x000000076b500000, 0x000000078b600000, 0x00000007c0000000)
  eden space 377344K, 0% used [0x000000076b500000,0x000000076b500000,0x0000000782580000)
  from space 20480K, 99% used [0x0000000782580000,0x000000078397af00,0x0000000783980000)
  to   space 24064K, 0% used [0x0000000789e80000,0x0000000789e80000,0x000000078b600000)
 ParOldGen       total 136192K, used 26285K [0x00000006c1e00000, 0x00000006ca300000, 0x000000076b500000)
  object space 136192K, 19% used [0x00000006c1e00000,0x00000006c37ab690,0x00000006ca300000)
 Metaspace       used 51271K, capacity 53975K, committed 54144K, reserved 1095680K
  class space    used 7024K, capacity 7544K, committed 7552K, reserved 1048576K
}
Event: 14257.800 GC heap before
{Heap before GC invocations=12 (full 2):
 PSYoungGen      total 397824K, used 397803K [0x000000076b500000, 0x000000078b600000, 0x00000007c0000000)
  eden space 377344K, 100% used [0x000000076b500000,0x0000000782580000,0x0000000782580000)
  from space 20480K, 99% used [0x0000000782580000,0x000000078397af00,0x0000000783980000)
  to   space 24064K, 0% used [0x0000000789e80000,0x0000000789e80000,0x000000078b600000)
 ParOldGen       total 136192K, used 26285K [0x00000006c1e00000, 0x00000006ca300000, 0x000000076b500000)
  object space 136192K, 19% used [0x00000006c1e00000,0x00000006c37ab690,0x00000006ca300000)
 Metaspace       used 55302K, capacity 58275K, committed 58368K, reserved 1099776K
  class space    used 7558K, capacity 8122K, committed 8192K, reserved 1048576K
Event: 14257.858 GC heap after
Heap after GC invocations=12 (full 2):
 PSYoungGen      total 500736K, used 15467K [0x000000076b500000, 0x000000078be00000, 0x00000007c0000000)
  eden space 476672K, 0% used [0x000000076b500000,0x000000076b500000,0x0000000788680000)
  from space 24064K, 64% used [0x0000000789e80000,0x000000078ad9ac80,0x000000078b600000)
  to   space 24576K, 0% used [0x0000000788680000,0x0000000788680000,0x0000000789e80000)
 ParOldGen       total 136192K, used 32465K [0x00000006c1e00000, 0x00000006ca300000, 0x000000076b500000)
  object space 136192K, 23% used [0x00000006c1e00000,0x00000006c3db47e8,0x00000006ca300000)
 Metaspace       used 55302K, capacity 58275K, committed 58368K, reserved 1099776K
  class space    used 7558K, capacity 8122K, committed 8192K, reserved 1048576K
}

